<?xml version="1.0" encoding="UTF-8"?>
<testsuite name="Add Customer Test"
           tests="4"
           failures="0"
           errors="0"
           skipped="1"
           time="13.578">
  <properties />
  
            <testcase name="addCustomerTest" time="0.0" classname="com.w2a.testCases.AddCustomerTest">
          <skipped />
    </testcase>
  
            <testcase name="addCustomerTest" time="4.444" classname="com.w2a.testCases.AddCustomerTest" />
                <testcase name="addCustomerTest" time="4.713" classname="com.w2a.testCases.AddCustomerTest" />
                <testcase name="addCustomerTest" time="4.420" classname="com.w2a.testCases.AddCustomerTest" />
      
</testsuite>
