<?xml version="1.0" encoding="UTF-8"?>
<!-- Generated by org.testng.reporters.JUnitXMLReporter -->
<testsuite ignored="0" hostname="DESKTOP-2JBFBCA" failures="0" tests="4" name="Add Customer Test" time="14.122" errors="0" timestamp="02 Mar 2022 17:30:28 GMT">
  <testcase classname="com.w2a.testCases.AddCustomerTest" name="addCustomerTest" time="4.944"/>
  <testcase classname="com.w2a.testCases.AddCustomerTest" name="addCustomerTest" time="4.383"/>
  <testcase classname="com.w2a.testCases.AddCustomerTest" name="addCustomerTest" time="0.0">
    <skipped/>
  </testcase> <!-- addCustomerTest -->
  <testcase classname="com.w2a.testCases.AddCustomerTest" name="addCustomerTest" time="4.363"/>
</testsuite> <!-- Add Customer Test -->
