<?xml version="1.0" encoding="UTF-8"?>
<!-- Generated by org.testng.reporters.JUnitXMLReporter -->
<testsuite ignored="0" hostname="DESKTOP-2JBFBCA" failures="0" tests="4" name="Add Customer Test" time="13.882" errors="0" timestamp="18 Feb 2022 16:00:02 GMT">
  <testcase classname="com.w2a.testCases.AddCustomerTest" name="addCustomerTest" time="4.713"/>
  <testcase classname="com.w2a.testCases.AddCustomerTest" name="addCustomerTest" time="4.444"/>
  <testcase classname="com.w2a.testCases.AddCustomerTest" name="addCustomerTest" time="0.001">
    <skipped/>
  </testcase> <!-- addCustomerTest -->
  <testcase classname="com.w2a.testCases.AddCustomerTest" name="addCustomerTest" time="4.42"/>
</testsuite> <!-- Add Customer Test -->
