<?xml version="1.0" encoding="UTF-8"?>
<testsuite name="TestSuite" time="12.203" tests="7" errors="0" skipped="1" failures="0">
  <properties>
[...]
</properties>
  <testcase name="loginAsBankManager" classname="com.w2a.testCases.BankManagerLoginTest" time="4.443"/>
  <testcase name="addCustomerTest" classname="com.w2a.testCases.AddCustomerTest" time="4.941"/>
  <testcase name="addCustomerTest" classname="com.w2a.testCases.AddCustomerTest" time="4.382"/>
  <testcase name="addCustomerTest" classname="com.w2a.testCases.AddCustomerTest" time="0">
    <skipped/>
  </testcase>
  <testcase name="addCustomerTest" classname="com.w2a.testCases.AddCustomerTest" time="4.363"/>
  <testcase name="openAccountTest" classname="com.w2a.testCases.OpenAccountTest" time="2.819"/>
  <testcase name="openAccountTest" classname="com.w2a.testCases.OpenAccountTest" time="2.353"/>
</testsuite>