<?xml version="1.0" encoding="UTF-8"?>
<testng-results ignored="0" total="7" passed="6" failed="0" skipped="1">
  <reporter-output>
    <line>
      <![CDATA[<br>Verification failure :expected [aBC] but found [XYZ]<br>]]>
    </line>
    <line>
      <![CDATA[<a target="_blank" href=Wed_Mar_02_12_30_09_EST_2022.jpg><img src= Wed_Mar_02_12_30_09_EST_2022.jpg height 200 width =200></img></a>]]>
    </line>
    <line>
      <![CDATA[<br>]]>
    </line>
    <line>
      <![CDATA[<br>]]>
    </line>
    <line>
      <![CDATA[Inside Login Test!!]]>
    </line>
    <line>
      <![CDATA[Adding Customer executed]]>
    </line>
  </reporter-output>
  <suite started-at="2022-03-02T17:30:08Z" name="Data Driven Basics" finished-at="2022-03-02T17:30:34Z" duration-ms="25187">
    <groups>
    </groups>
    <test started-at="2022-03-02T17:30:08Z" name="Bank Manager Login Test" finished-at="2022-03-02T17:30:14Z" duration-ms="5716">
      <class name="com.w2a.testCases.BankManagerLoginTest">
        <test-method signature="loginAsBankManager()[pri:0, instance:com.w2a.testCases.BankManagerLoginTest@636e8cc]" started-at="2022-03-02T17:30:08Z" name="loginAsBankManager" finished-at="2022-03-02T17:30:13Z" duration-ms="4443" status="PASS">
          <reporter-output>
            <line>
              <![CDATA[<br>Verification failure :expected [aBC] but found [XYZ]<br>]]>
            </line>
            <line>
              <![CDATA[<a target="_blank" href=Wed_Mar_02_12_30_09_EST_2022.jpg><img src= Wed_Mar_02_12_30_09_EST_2022.jpg height 200 width =200></img></a>]]>
            </line>
            <line>
              <![CDATA[<br>]]>
            </line>
            <line>
              <![CDATA[<br>]]>
            </line>
            <line>
              <![CDATA[Inside Login Test!!]]>
            </line>
            <line>
              <![CDATA[Adding Customer executed]]>
            </line>
          </reporter-output>
        </test-method> <!-- loginAsBankManager -->
      </class> <!-- com.w2a.testCases.BankManagerLoginTest -->
    </test> <!-- Bank Manager Login Test -->
    <test started-at="2022-03-02T17:30:14Z" name="Add Customer Test" finished-at="2022-03-02T17:30:28Z" duration-ms="14122">
      <class name="com.w2a.testCases.AddCustomerTest">
        <test-method signature="addCustomerTest(java.util.Hashtable)[pri:0, instance:com.w2a.testCases.AddCustomerTest@4baf352a]" started-at="2022-03-02T17:30:14Z" name="addCustomerTest" data-provider="dp" finished-at="2022-03-02T17:30:19Z" duration-ms="4944" status="PASS">
          <params>
            <param index="0">
              <value>
                <![CDATA[{postCode=22190.0, lastName=Arora, runmode=Y, fisrtName=Raman , alertText=Customer added successfully with customer }]]>
              </value>
            </param>
          </params>
          <reporter-output>
          </reporter-output>
        </test-method> <!-- addCustomerTest -->
        <test-method signature="addCustomerTest(java.util.Hashtable)[pri:0, instance:com.w2a.testCases.AddCustomerTest@4baf352a]" started-at="2022-03-02T17:30:19Z" name="addCustomerTest" data-provider="dp" finished-at="2022-03-02T17:30:24Z" duration-ms="4383" status="PASS">
          <params>
            <param index="0">
              <value>
                <![CDATA[{postCode=22192.0, lastName=Essalhi, runmode=Y, fisrtName=Kamal, alertText=Customer added successfully with customer }]]>
              </value>
            </param>
          </params>
          <reporter-output>
          </reporter-output>
        </test-method> <!-- addCustomerTest -->
        <test-method signature="addCustomerTest(java.util.Hashtable)[pri:0, instance:com.w2a.testCases.AddCustomerTest@4baf352a]" started-at="2022-03-02T17:30:24Z" name="addCustomerTest" data-provider="dp" finished-at="2022-03-02T17:30:24Z" duration-ms="0" status="SKIP">
          <params>
            <param index="0">
              <value>
                <![CDATA[{postCode=22303.0, lastName=Jamil, runmode=N, fisrtName=Rachid , alertText=Customer added successfully with customer }]]>
              </value>
            </param>
          </params>
          <exception class="org.testng.SkipException">
            <message>
              <![CDATA[Skipping the test case as the Run Mode of the date set NO]]>
            </message>
            <full-stacktrace>
              <![CDATA[org.testng.SkipException: Skipping the test case as the Run Mode of the date set NO
at com.w2a.testCases.AddCustomerTest.addCustomerTest(AddCustomerTest.java:22)
at java.base/jdk.internal.reflect.NativeMethodAccessorImpl.invoke0(Native Method)
at java.base/jdk.internal.reflect.NativeMethodAccessorImpl.invoke(NativeMethodAccessorImpl.java:62)
at java.base/jdk.internal.reflect.DelegatingMethodAccessorImpl.invoke(DelegatingMethodAccessorImpl.java:43)
at java.base/java.lang.reflect.Method.invoke(Method.java:566)
at org.testng.internal.MethodInvocationHelper.invokeMethod(MethodInvocationHelper.java:124)
at org.testng.internal.Invoker.invokeMethod(Invoker.java:583)
at org.testng.internal.Invoker.invokeTestMethod(Invoker.java:719)
at org.testng.internal.Invoker.invokeTestMethods(Invoker.java:989)
at org.testng.internal.TestMethodWorker.invokeTestMethods(TestMethodWorker.java:125)
at org.testng.internal.TestMethodWorker.run(TestMethodWorker.java:109)
at org.testng.TestRunner.privateRun(TestRunner.java:648)
at org.testng.TestRunner.run(TestRunner.java:505)
at org.testng.SuiteRunner.runTest(SuiteRunner.java:455)
at org.testng.SuiteRunner.runSequentially(SuiteRunner.java:450)
at org.testng.SuiteRunner.privateRun(SuiteRunner.java:415)
at org.testng.SuiteRunner.run(SuiteRunner.java:364)
at org.testng.SuiteRunnerWorker.runSuite(SuiteRunnerWorker.java:52)
at org.testng.SuiteRunnerWorker.run(SuiteRunnerWorker.java:84)
at org.testng.TestNG.runSuitesSequentially(TestNG.java:1208)
at org.testng.TestNG.runSuitesLocally(TestNG.java:1137)
at org.testng.TestNG.runSuites(TestNG.java:1049)
at org.testng.TestNG.run(TestNG.java:1017)
at org.apache.maven.surefire.testng.TestNGExecutor.run(TestNGExecutor.java:295)
at org.apache.maven.surefire.testng.TestNGXmlTestSuite.execute(TestNGXmlTestSuite.java:84)
at org.apache.maven.surefire.testng.TestNGProvider.invoke(TestNGProvider.java:90)
at org.apache.maven.surefire.booter.ForkedBooter.invokeProviderInSameClassLoader(ForkedBooter.java:203)
at org.apache.maven.surefire.booter.ForkedBooter.runSuitesInProcess(ForkedBooter.java:155)
at org.apache.maven.surefire.booter.ForkedBooter.main(ForkedBooter.java:103)
]]>
            </full-stacktrace>
          </exception> <!-- org.testng.SkipException -->
          <reporter-output>
          </reporter-output>
        </test-method> <!-- addCustomerTest -->
        <test-method signature="addCustomerTest(java.util.Hashtable)[pri:0, instance:com.w2a.testCases.AddCustomerTest@4baf352a]" started-at="2022-03-02T17:30:24Z" name="addCustomerTest" data-provider="dp" finished-at="2022-03-02T17:30:28Z" duration-ms="4363" status="PASS">
          <params>
            <param index="0">
              <value>
                <![CDATA[{postCode=22326.0, lastName=Saidi, runmode=Y, fisrtName=Said, alertText=Customer added successfully with customer }]]>
              </value>
            </param>
          </params>
          <reporter-output>
          </reporter-output>
        </test-method> <!-- addCustomerTest -->
      </class> <!-- com.w2a.testCases.AddCustomerTest -->
    </test> <!-- Add Customer Test -->
    <test started-at="2022-03-02T17:30:28Z" name="Open Account Test" finished-at="2022-03-02T17:30:34Z" duration-ms="5239">
      <class name="com.w2a.testCases.OpenAccountTest">
        <test-method is-config="true" signature="setUp()[pri:0, instance:com.w2a.testCases.OpenAccountTest@553f1d75]" started-at="2022-03-02T17:30:00Z" name="setUp" finished-at="2022-03-02T17:30:08Z" duration-ms="8214" status="PASS">
          <reporter-output>
          </reporter-output>
        </test-method> <!-- setUp -->
        <test-method signature="openAccountTest(java.util.Hashtable)[pri:0, instance:com.w2a.testCases.OpenAccountTest@553f1d75]" started-at="2022-03-02T17:30:28Z" name="openAccountTest" data-provider="dp" finished-at="2022-03-02T17:30:31Z" duration-ms="2819" status="PASS">
          <params>
            <param index="0">
              <value>
                <![CDATA[{Currency=Rupee, Customer=Raman Arora}]]>
              </value>
            </param>
          </params>
          <reporter-output>
          </reporter-output>
        </test-method> <!-- openAccountTest -->
        <test-method signature="openAccountTest(java.util.Hashtable)[pri:0, instance:com.w2a.testCases.OpenAccountTest@553f1d75]" started-at="2022-03-02T17:30:31Z" name="openAccountTest" data-provider="dp" finished-at="2022-03-02T17:30:34Z" duration-ms="2352" status="PASS">
          <params>
            <param index="0">
              <value>
                <![CDATA[{Currency=Dollar, Customer=Kamal Essalhi}]]>
              </value>
            </param>
          </params>
          <reporter-output>
          </reporter-output>
        </test-method> <!-- openAccountTest -->
        <test-method is-config="true" signature="tearDown()[pri:0, instance:com.w2a.testCases.OpenAccountTest@553f1d75]" started-at="2022-03-02T17:30:34Z" name="tearDown" finished-at="2022-03-02T17:30:34Z" duration-ms="698" status="PASS">
          <reporter-output>
          </reporter-output>
        </test-method> <!-- tearDown -->
      </class> <!-- com.w2a.testCases.OpenAccountTest -->
    </test> <!-- Open Account Test -->
  </suite> <!-- Data Driven Basics -->
</testng-results>
